[debug] [2023-04-02T09:29:14.585Z] ----------------------------------------------------------------------
[debug] [2023-04-02T09:29:14.588Z] Command:       /usr/local/bin/node /usr/local/bin/firebase init
[debug] [2023-04-02T09:29:14.588Z] CLI Version:   11.25.2
[debug] [2023-04-02T09:29:14.588Z] Platform:      darwin
[debug] [2023-04-02T09:29:14.588Z] Node Version:  v19.4.0
[debug] [2023-04-02T09:29:14.589Z] Time:          Sun Apr 02 2023 12:29:14 GMT+0300 (Moscow Standard Time)
[debug] [2023-04-02T09:29:14.589Z] ----------------------------------------------------------------------
[debug] 
[debug] [2023-04-02T09:29:14.595Z] > command requires scopes: ["email","openid","https://www.googleapis.com/auth/cloudplatformprojects.readonly","https://www.googleapis.com/auth/firebase","https://www.googleapis.com/auth/cloud-platform"]
[debug] [2023-04-02T09:29:14.595Z] > authorizing via signed-in user (mohammadidriis93@gmail.com)
[info] 
     ######## #### ########  ######## ########     ###     ######  ########
     ##        ##  ##     ## ##       ##     ##  ##   ##  ##       ##
     ######    ##  ########  ######   ########  #########  ######  ######
     ##        ##  ##    ##  ##       ##     ## ##     ##       ## ##
     ##       #### ##     ## ######## ########  ##     ##  ######  ########

You're about to initialize a Firebase project in this directory:

  /Users/al-amin/Desktop/firebase recap/firebase-app

[info] 
=== Project Setup
[info] 
[info] First, let's associate this project directory with a Firebase project.
[info] You can create multiple project aliases by running firebase use --add, 
[info] but for now we'll just set up a default project.
[info] 
[debug] [2023-04-02T09:32:50.979Z] >>> [apiv2][query] GET https://firebase.googleapis.com/v1beta1/projects pageSize=100
[debug] [2023-04-02T09:32:51.800Z] <<< [apiv2][status] GET https://firebase.googleapis.com/v1beta1/projects 200
[debug] [2023-04-02T09:32:51.801Z] <<< [apiv2][body] GET https://firebase.googleapis.com/v1beta1/projects [omitted]
[info] i  Using project login-app-4fd59 (Login-app) 
[info] 
=== Hosting Setup
[info] 
[info] Your public directory is the folder (relative to your project directory) that
[info] will contain Hosting assets to be uploaded with firebase deploy. If you
[info] have a build process for your assets, use your build's output directory.
[info] 
[info] ✔  Wrote public/404.html 
[debug] [2023-04-02T09:35:26.073Z] >>> [apiv2][query] GET https://www.gstatic.com/firebasejs/releases.json [none]
[debug] [2023-04-02T09:35:26.547Z] <<< [apiv2][status] GET https://www.gstatic.com/firebasejs/releases.json 200
[debug] [2023-04-02T09:35:26.547Z] <<< [apiv2][body] GET https://www.gstatic.com/firebasejs/releases.json {"current":{"version":"9.19.1","browserURL":"https://www.gstatic.com/firebasejs/9.19.1/firebase.js","packageURL":"https://www.gstatic.com/firebasejs/9.19.1/firebase.tgz"},"live":{"version":"9.19","browserURL":"https://www.gstatic.com/firebasejs/live/9.19/firebase.js","packageURL":"https://www.gstatic.com/firebasejs/live/9.19/firebase.tgz"},"components":{"analytics":"https://www.gstatic.com/firebasejs/9.19.1/firebase-analytics.js","app":"https://www.gstatic.com/firebasejs/9.19.1/firebase-app.js","app-check":"https://www.gstatic.com/firebasejs/9.19.1/firebase-app-check.js","auth":"https://www.gstatic.com/firebasejs/9.19.1/firebase-auth.js","auth/cordova":"https://www.gstatic.com/firebasejs/9.19.1/firebase-auth/cordova.js","auth/react-native":"https://www.gstatic.com/firebasejs/9.19.1/firebase-auth/react-native.js","functions":"https://www.gstatic.com/firebasejs/9.19.1/firebase-functions.js","firestore":"https://www.gstatic.com/firebasejs/9.19.1/firebase-firestore.js","firestore/lite":"https://www.gstatic.com/firebasejs/9.19.1/firebase-firestore/lite.js","installations":"https://www.gstatic.com/firebasejs/9.19.1/firebase-installations.js","storage":"https://www.gstatic.com/firebasejs/9.19.1/firebase-storage.js","performance":"https://www.gstatic.com/firebasejs/9.19.1/firebase-performance.js","remote-config":"https://www.gstatic.com/firebasejs/9.19.1/firebase-remote-config.js","messaging":"https://www.gstatic.com/firebasejs/9.19.1/firebase-messaging.js","messaging/sw":"https://www.gstatic.com/firebasejs/9.19.1/firebase-messaging/sw.js","database":"https://www.gstatic.com/firebasejs/9.19.1/firebase-database.js","firestore.memory":"https://www.gstatic.com/firebasejs/9.19.1/firebase-firestore.memory.js"}}
[info] i  Skipping write of public/index.html 
[info] 
[info] i  Detected a .git folder at /Users/al-amin 
[info] i  Authorizing with GitHub to upload your service account to a GitHub repository's secrets store. 
[info] 
[info] Visit this URL on this device to log in:
[info] https://github.com/login/oauth/authorize?client_id=89cf50f02ac6aaed3484&state=384746094&redirect_uri=http%3A%2F%2Flocalhost%3A9005&scope=read%3Auser%20repo%20public_repo
[info] 
[info] Waiting for authentication...
[debug] [2023-04-02T09:39:17.657Z] >>> [apiv2][query] POST https://github.com/login/oauth/access_token [none]
[debug] [2023-04-02T09:39:17.657Z] >>> [apiv2][body] POST https://github.com/login/oauth/access_token [stream]
[debug] [2023-04-02T09:39:18.236Z] <<< [apiv2][status] POST https://github.com/login/oauth/access_token 200
[debug] [2023-04-02T09:39:18.236Z] <<< [apiv2][body] POST https://github.com/login/oauth/access_token {"access_token":"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","token_type":"bearer","scope":"read:user,repo"}
[debug] [2023-04-02T09:39:18.249Z] >>> [apiv2][query] GET https://api.github.com/user [none]
[debug] [2023-04-02T09:39:18.844Z] <<< [apiv2][status] GET https://api.github.com/user 200
[debug] [2023-04-02T09:39:18.844Z] <<< [apiv2][body] GET https://api.github.com/user {"login":"MuhdAmin93","id":113242077,"node_id":"U_kgDOBr_v3Q","avatar_url":"https://avatars.githubusercontent.com/u/113242077?v=4","gravatar_id":"","url":"https://api.github.com/users/MuhdAmin93","html_url":"https://github.com/MuhdAmin93","followers_url":"https://api.github.com/users/MuhdAmin93/followers","following_url":"https://api.github.com/users/MuhdAmin93/following{/other_user}","gists_url":"https://api.github.com/users/MuhdAmin93/gists{/gist_id}","starred_url":"https://api.github.com/users/MuhdAmin93/starred{/owner}{/repo}","subscriptions_url":"https://api.github.com/users/MuhdAmin93/subscriptions","organizations_url":"https://api.github.com/users/MuhdAmin93/orgs","repos_url":"https://api.github.com/users/MuhdAmin93/repos","events_url":"https://api.github.com/users/MuhdAmin93/events{/privacy}","received_events_url":"https://api.github.com/users/MuhdAmin93/received_events","type":"User","site_admin":false,"name":null,"company":null,"blog":"","location":null,"email":null,"hireable":null,"bio":null,"twitter_username":null,"public_repos":11,"public_gists":0,"followers":0,"following":11,"created_at":"2022-09-10T11:44:28Z","updated_at":"2023-03-06T19:05:09Z","private_gists":0,"total_private_repos":4,"owned_private_repos":4,"disk_usage":149396,"collaborators":0,"two_factor_authentication":false,"plan":{"name":"free","space":976562499,"collaborators":0,"private_repos":10000}}
[info] 
[info] ✔  Success! Logged into GitHub as MuhdAmin93 
[info] 
